<?xml version="1.0" encoding="UTF-8"?>
<robot generator="Robot 3.2.2 (Python 3.7.3 on win32)" generated="20210326 01:55:26.970" rpa="false">
<suite id="s1" name="Jcpenny" source="C:\Users\koppu\eclipse-workspace\Jcpenny">
<suite id="s1-s1" name="Verify Test" source="C:\Users\koppu\eclipse-workspace\Jcpenny\verify_test.robot">
<test id="s1-s1-t1" name="TC1_ValidCredential">
<kw name="Open Application" library="AppiumLibrary">
<doc>Opens a new application to given Appium server.
Capabilities of appium server, Android and iOS,
Please check https://github.com/appium/appium/blob/master/docs/en/writing-running-appium/server-args.md
| *Option*            | *Man.* | *Description*     |
| remote_url          | Yes    | Appium server url |
| alias               | no     | alias             |</doc>
<arguments>
<arg>http://localhost:4723/wd/hub</arg>
<arg>platformName=android</arg>
<arg>deviceName=samsung</arg>
<arg>appPackage=com.jcp</arg>
<arg>appActivity=com.jcpenney.activities.StartupActivity</arg>
<arg>noReset=True</arg>
</arguments>
<status status="PASS" starttime="20210326 01:55:27.234" endtime="20210326 01:55:40.186"></status>
</kw>
<kw name="Set Appium Timeout" library="AppiumLibrary">
<doc>Sets the timeout in seconds used by various keywords.</doc>
<arguments>
<arg>30s</arg>
</arguments>
<status status="PASS" starttime="20210326 01:55:40.187" endtime="20210326 01:55:40.188"></status>
</kw>
<kw name="Wait Until Page Contains" library="AppiumLibrary">
<doc>Waits until `text` appears on current page.</doc>
<arguments>
<arg>Sign In</arg>
</arguments>
<status status="PASS" starttime="20210326 01:55:40.188" endtime="20210326 01:55:44.189"></status>
</kw>
<kw name="Run Keyword And Ignore Error" library="BuiltIn">
<doc>Runs the given keyword with the given arguments and ignores possible error.</doc>
<arguments>
<arg>Click Element</arg>
<arg>//*[contains(@text='Allow all the time')]</arg>
</arguments>
<kw name="Click Element" library="AppiumLibrary">
<doc>Click element identified by `locator`.</doc>
<arguments>
<arg>//*[contains(@text='Allow all the time')]</arg>
</arguments>
<msg timestamp="20210326 01:55:44.196" level="INFO">Clicking element '//*[contains(@text='Allow all the time')]'.</msg>
<kw name="Capture Page Screenshot" library="AppiumLibrary">
<doc>Takes a screenshot of the current page and embeds it into the log.</doc>
<msg timestamp="20210326 01:55:46.534" level="INFO" html="yes">&lt;/td&gt;&lt;/tr&gt;&lt;tr&gt;&lt;td colspan="3"&gt;&lt;a href="appium-screenshot-1.png"&gt;&lt;img src="appium-screenshot-1.png" width="800px"&gt;&lt;/a&gt;</msg>
<status status="PASS" starttime="20210326 01:55:44.651" endtime="20210326 01:55:46.535"></status>
</kw>
<msg timestamp="20210326 01:55:46.538" level="FAIL">WebDriverException: Message: An unknown server-side error occurred while processing the command. Original error: java.lang.IllegalStateException: Unable to evaluate expression. See cause
</msg>
<status status="FAIL" starttime="20210326 01:55:44.192" endtime="20210326 01:55:46.538"></status>
</kw>
<status status="PASS" starttime="20210326 01:55:44.190" endtime="20210326 01:55:46.539"></status>
</kw>
<kw name="Click Element" library="AppiumLibrary">
<doc>Click element identified by `locator`.</doc>
<arguments>
<arg>//*[@text='Sign In or Create an Account']</arg>
</arguments>
<msg timestamp="20210326 01:55:46.541" level="INFO">Clicking element '//*[@text='Sign In or Create an Account']'.</msg>
<status status="PASS" starttime="20210326 01:55:46.539" endtime="20210326 01:55:47.144"></status>
</kw>
<kw name="Wait Until Page Contains Element" library="AppiumLibrary">
<doc>Waits until element specified with `locator` appears on current page.</doc>
<arguments>
<arg>//*[contains(@resource-id,'sign_in_email_address_or_mobile_number')]</arg>
</arguments>
<status status="PASS" starttime="20210326 01:55:47.144" endtime="20210326 01:55:48.065"></status>
</kw>
<kw name="Click Element" library="AppiumLibrary">
<doc>Click element identified by `locator`.</doc>
<arguments>
<arg>//*[contains(@resource-id,'sign_in_email_address_or_mobile_number')]</arg>
</arguments>
<msg timestamp="20210326 01:55:48.066" level="INFO">Clicking element '//*[contains(@resource-id,'sign_in_email_address_or_mobile_number')]'.</msg>
<status status="PASS" starttime="20210326 01:55:48.065" endtime="20210326 01:55:48.192"></status>
</kw>
<kw name="Clear Text" library="AppiumLibrary">
<doc>Clears the text field identified by `locator`.</doc>
<arguments>
<arg>xpath=//*[contains(@text,'Email') or contains(@text,'gmail')]</arg>
</arguments>
<msg timestamp="20210326 01:55:48.195" level="INFO">Clear text field 'xpath=//*[contains(@text,'Email') or contains(@text,'gmail')]'</msg>
<status status="PASS" starttime="20210326 01:55:48.192" endtime="20210326 01:55:49.758"></status>
</kw>
<kw name="Input Text" library="AppiumLibrary">
<doc>Types the given `text` into text field identified by `locator`.</doc>
<arguments>
<arg>xpath=//*[contains(@text,'Email') or contains(@text,'gmail')]</arg>
<arg>pulipriyankareddy@gmail.com</arg>
</arguments>
<msg timestamp="20210326 01:55:49.763" level="INFO">Typing text 'pulipriyankareddy@gmail.com' into text field 'xpath=//*[contains(@text,'Email') or contains(@text,'gmail')]'</msg>
<status status="PASS" starttime="20210326 01:55:49.759" endtime="20210326 01:55:51.359"></status>
</kw>
<kw name="Click Element" library="AppiumLibrary">
<doc>Click element identified by `locator`.</doc>
<arguments>
<arg>//*[@text='Password']</arg>
</arguments>
<msg timestamp="20210326 01:55:51.364" level="INFO">Clicking element '//*[@text='Password']'.</msg>
<status status="PASS" starttime="20210326 01:55:51.360" endtime="20210326 01:55:53.622"></status>
</kw>
<kw name="Input Text" library="AppiumLibrary">
<doc>Types the given `text` into text field identified by `locator`.</doc>
<arguments>
<arg>//*[@text='Password']</arg>
<arg>AMMAbaba@5</arg>
</arguments>
<msg timestamp="20210326 01:55:53.628" level="INFO">Typing text 'AMMAbaba@5' into text field '//*[@text='Password']'</msg>
<status status="PASS" starttime="20210326 01:55:53.624" endtime="20210326 01:55:54.656"></status>
</kw>
<kw name="Click Element" library="AppiumLibrary">
<doc>Click element identified by `locator`.</doc>
<arguments>
<arg>//*[@text='SIGN IN']</arg>
</arguments>
<msg timestamp="20210326 01:55:54.664" level="INFO">Clicking element '//*[@text='SIGN IN']'.</msg>
<status status="PASS" starttime="20210326 01:55:54.657" endtime="20210326 01:55:56.137"></status>
</kw>
<kw name="Wait Until Page Contains Element" library="AppiumLibrary">
<doc>Waits until element specified with `locator` appears on current page.</doc>
<arguments>
<arg>//*[contains(@resource-id,'com.jcp:id/search_button')]</arg>
</arguments>
<status status="PASS" starttime="20210326 01:55:56.138" endtime="20210326 01:55:59.970"></status>
</kw>
<kw name="Click Element" library="AppiumLibrary">
<doc>Click element identified by `locator`.</doc>
<arguments>
<arg>//*[contains(@resource-id,'com.jcp:id/search_button')]</arg>
</arguments>
<msg timestamp="20210326 01:55:59.975" level="INFO">Clicking element '//*[contains(@resource-id,'com.jcp:id/search_button')]'.</msg>
<status status="PASS" starttime="20210326 01:55:59.971" endtime="20210326 01:56:00.448"></status>
</kw>
<kw name="Sleep" library="BuiltIn">
<doc>Pauses the test executed for the given time.</doc>
<arguments>
<arg>2s</arg>
</arguments>
<msg timestamp="20210326 01:56:02.450" level="INFO">Slept 2 seconds</msg>
<status status="PASS" starttime="20210326 01:56:00.449" endtime="20210326 01:56:02.451"></status>
</kw>
<kw name="Input Text" library="AppiumLibrary">
<doc>Types the given `text` into text field identified by `locator`.</doc>
<arguments>
<arg>//*[@resource-id='com.jcp:id/search_src_text']</arg>
<arg>baby</arg>
</arguments>
<msg timestamp="20210326 01:56:02.455" level="INFO">Typing text 'baby' into text field '//*[@resource-id='com.jcp:id/search_src_text']'</msg>
<status status="PASS" starttime="20210326 01:56:02.451" endtime="20210326 01:56:02.997"></status>
</kw>
<kw name="Is Keyboard Shown" library="AppiumLibrary">
<doc>Return true if Android keyboard is displayed or False if not displayed
No parameters are used.</doc>
<assign>
<var>${bool}</var>
</assign>
<msg timestamp="20210326 01:56:03.374" level="INFO">${bool} = True</msg>
<status status="PASS" starttime="20210326 01:56:02.997" endtime="20210326 01:56:03.374"></status>
</kw>
<kw name="Run Keyword If" library="BuiltIn">
<doc>Runs the given keyword with the given arguments, if ``condition`` is true.</doc>
<arguments>
<arg>'${bool}'=='True'</arg>
<arg>Hide Keyboard</arg>
</arguments>
<kw name="Hide Keyboard" library="AppiumLibrary">
<doc>Hides the software keyboard on the device. (optional) In iOS, use `key_name` to press
a particular key, ex. `Done`. In Android, no parameters are used.</doc>
<status status="PASS" starttime="20210326 01:56:03.375" endtime="20210326 01:56:06.240"></status>
</kw>
<status status="PASS" starttime="20210326 01:56:03.375" endtime="20210326 01:56:06.240"></status>
</kw>
<kw name="Wait Until Page Contains" library="AppiumLibrary">
<doc>Waits until `text` appears on current page.</doc>
<arguments>
<arg>Infant Baby Boy Clothes</arg>
</arguments>
<status status="PASS" starttime="20210326 01:56:06.240" endtime="20210326 01:56:06.637"></status>
</kw>
<kw name="Click Element" library="AppiumLibrary">
<doc>Click element identified by `locator`.</doc>
<arguments>
<arg>//*[contains(@text,'Infant Baby Boy Clothes')]</arg>
</arguments>
<msg timestamp="20210326 01:56:06.638" level="INFO">Clicking element '//*[contains(@text,'Infant Baby Boy Clothes')]'.</msg>
<status status="PASS" starttime="20210326 01:56:06.637" endtime="20210326 01:56:06.991"></status>
</kw>
<kw name="Wait Until Page Contains Element" library="AppiumLibrary">
<doc>Waits until element specified with `locator` appears on current page.</doc>
<arguments>
<arg>//*[contains(@text,'Short Set')]</arg>
</arguments>
<status status="PASS" starttime="20210326 01:56:06.991" endtime="20210326 01:56:10.078"></status>
</kw>
<kw name="Click Element" library="AppiumLibrary">
<doc>Click element identified by `locator`.</doc>
<arguments>
<arg>//*[contains(@text,'Short Set')]</arg>
</arguments>
<msg timestamp="20210326 01:56:10.084" level="INFO">Clicking element '//*[contains(@text,'Short Set')]'.</msg>
<status status="PASS" starttime="20210326 01:56:10.080" endtime="20210326 01:56:11.037"></status>
</kw>
<kw name="Sleep" library="BuiltIn">
<doc>Pauses the test executed for the given time.</doc>
<arguments>
<arg>5s</arg>
</arguments>
<msg timestamp="20210326 01:56:16.040" level="INFO">Slept 5 seconds</msg>
<status status="PASS" starttime="20210326 01:56:11.038" endtime="20210326 01:56:16.041"></status>
</kw>
<kw name="Click Element" library="AppiumLibrary">
<doc>Click element identified by `locator`.</doc>
<arguments>
<arg>//*[@text='3 months']</arg>
</arguments>
<msg timestamp="20210326 01:56:16.047" level="INFO">Clicking element '//*[@text='3 months']'.</msg>
<status status="PASS" starttime="20210326 01:56:16.042" endtime="20210326 01:56:16.371"></status>
</kw>
<kw name="Click Element" library="AppiumLibrary">
<doc>Click element identified by `locator`.</doc>
<arguments>
<arg>//*[@text='ADD TO CART']</arg>
</arguments>
<msg timestamp="20210326 01:56:16.372" level="INFO">Clicking element '//*[@text='ADD TO CART']'.</msg>
<status status="PASS" starttime="20210326 01:56:16.371" endtime="20210326 01:56:19.280"></status>
</kw>
<kw name="Sleep" library="BuiltIn">
<doc>Pauses the test executed for the given time.</doc>
<arguments>
<arg>5s</arg>
</arguments>
<msg timestamp="20210326 01:56:24.283" level="INFO">Slept 5 seconds</msg>
<status status="PASS" starttime="20210326 01:56:19.281" endtime="20210326 01:56:24.283"></status>
</kw>
<kw name="Wait Until Page Contains Element" library="AppiumLibrary">
<doc>Waits until element specified with `locator` appears on current page.</doc>
<arguments>
<arg>//*[@resource-id='com.jcp:id/cart_icon']</arg>
</arguments>
<status status="PASS" starttime="20210326 01:56:24.284" endtime="20210326 01:56:24.639"></status>
</kw>
<kw name="Click Element" library="AppiumLibrary">
<doc>Click element identified by `locator`.</doc>
<arguments>
<arg>//*[@resource-id='com.jcp:id/cart_icon']</arg>
</arguments>
<msg timestamp="20210326 01:56:24.640" level="INFO">Clicking element '//*[@resource-id='com.jcp:id/cart_icon']'.</msg>
<status status="PASS" starttime="20210326 01:56:24.639" endtime="20210326 01:56:25.104"></status>
</kw>
<kw name="Wait Until Page Contains Element" library="AppiumLibrary">
<doc>Waits until element specified with `locator` appears on current page.</doc>
<arguments>
<arg>//*[@resource-id='com.jcp:id/product_description']</arg>
</arguments>
<status status="PASS" starttime="20210326 01:56:25.104" endtime="20210326 01:56:30.804"></status>
</kw>
<kw name="Get Text" library="AppiumLibrary">
<doc>Get element text (for hybrid and mobile browser use `xpath` locator, others might cause problem)</doc>
<arguments>
<arg>//*[@resource-id='com.jcp:id/product_description']</arg>
</arguments>
<assign>
<var>${product_name}</var>
</assign>
<msg timestamp="20210326 01:56:31.078" level="INFO">Element '//*[@resource-id='com.jcp:id/product_description']' text is 'Carter's Baby Boys 2-pc. Short Set' </msg>
<msg timestamp="20210326 01:56:31.078" level="INFO">${product_name} = Carter's Baby Boys 2-pc. Short Set</msg>
<status status="PASS" starttime="20210326 01:56:30.805" endtime="20210326 01:56:31.079"></status>
</kw>
<kw name="Log To Console" library="BuiltIn">
<doc>Logs the given message to the console.</doc>
<arguments>
<arg>${product_name}</arg>
</arguments>
<status status="PASS" starttime="20210326 01:56:31.079" endtime="20210326 01:56:31.079"></status>
</kw>
<kw name="Get Text" library="AppiumLibrary">
<doc>Get element text (for hybrid and mobile browser use `xpath` locator, others might cause problem)</doc>
<arguments>
<arg>//*[@resource-id='com.jcp:id/total_price']</arg>
</arguments>
<assign>
<var>${Total_price}</var>
</assign>
<msg timestamp="20210326 01:56:31.412" level="INFO">Element '//*[@resource-id='com.jcp:id/total_price']' text is 'total $36.00' </msg>
<msg timestamp="20210326 01:56:31.413" level="INFO">${Total_price} = total $36.00</msg>
<status status="PASS" starttime="20210326 01:56:31.079" endtime="20210326 01:56:31.413"></status>
</kw>
<kw name="Log To Console" library="BuiltIn">
<doc>Logs the given message to the console.</doc>
<arguments>
<arg>${Total_price}</arg>
</arguments>
<status status="PASS" starttime="20210326 01:56:31.413" endtime="20210326 01:56:31.413"></status>
</kw>
<kw name="Click Element" library="AppiumLibrary">
<doc>Click element identified by `locator`.</doc>
<arguments>
<arg>//*[contains(@text,'Puli')]</arg>
</arguments>
<msg timestamp="20210326 01:56:31.415" level="INFO">Clicking element '//*[contains(@text,'Puli')]'.</msg>
<status status="PASS" starttime="20210326 01:56:31.414" endtime="20210326 01:56:31.785"></status>
</kw>
<kw name="Sleep" library="BuiltIn">
<doc>Pauses the test executed for the given time.</doc>
<arguments>
<arg>2s</arg>
</arguments>
<msg timestamp="20210326 01:56:33.786" level="INFO">Slept 2 seconds</msg>
<status status="PASS" starttime="20210326 01:56:31.785" endtime="20210326 01:56:33.787"></status>
</kw>
<kw name="Click Element" library="AppiumLibrary">
<doc>Click element identified by `locator`.</doc>
<arguments>
<arg>//*[@resource-id='com.jcp:id/my_account_sign_out']</arg>
</arguments>
<msg timestamp="20210326 01:56:33.792" level="INFO">Clicking element '//*[@resource-id='com.jcp:id/my_account_sign_out']'.</msg>
<status status="PASS" starttime="20210326 01:56:33.788" endtime="20210326 01:56:34.012"></status>
</kw>
<status status="PASS" starttime="20210326 01:55:27.233" endtime="20210326 01:56:34.013" critical="yes"></status>
</test>
<status status="PASS" starttime="20210326 01:55:27.044" endtime="20210326 01:56:34.013"></status>
</suite>
<status status="PASS" starttime="20210326 01:55:27.019" endtime="20210326 01:56:34.015"></status>
</suite>
<statistics>
<total>
<stat pass="1" fail="0">Critical Tests</stat>
<stat pass="1" fail="0">All Tests</stat>
</total>
<tag>
</tag>
<suite>
<stat pass="1" fail="0" id="s1" name="Jcpenny">Jcpenny</stat>
<stat pass="1" fail="0" id="s1-s1" name="Verify Test">Jcpenny.Verify Test</stat>
</suite>
</statistics>
<errors>
</errors>
</robot>
